

Started GET "/" for 127.0.0.1 at 2015-08-06 10:23:36 -0700

ActiveRecord::NoDatabaseError (FATAL:  database "gdd_turf_tracker_development" does not exist
):
  activerecord (4.2.3) lib/active_record/connection_adapters/postgresql_adapter.rb:665:in `rescue in connect'
  activerecord (4.2.3) lib/active_record/connection_adapters/postgresql_adapter.rb:655:in `connect'
  activerecord (4.2.3) lib/active_record/connection_adapters/postgresql_adapter.rb:242:in `initialize'
  activerecord (4.2.3) lib/active_record/connection_adapters/postgresql_adapter.rb:44:in `new'
  activerecord (4.2.3) lib/active_record/connection_adapters/postgresql_adapter.rb:44:in `postgresql_connection'
  activerecord (4.2.3) lib/active_record/connection_adapters/abstract/connection_pool.rb:438:in `new_connection'
  activerecord (4.2.3) lib/active_record/connection_adapters/abstract/connection_pool.rb:448:in `checkout_new_connection'
  activerecord (4.2.3) lib/active_record/connection_adapters/abstract/connection_pool.rb:422:in `acquire_connection'
  activerecord (4.2.3) lib/active_record/connection_adapters/abstract/connection_pool.rb:349:in `block in checkout'
  /Users/miles/.rvm/rubies/ruby-2.2.2/lib/ruby/2.2.0/monitor.rb:211:in `mon_synchronize'
  activerecord (4.2.3) lib/active_record/connection_adapters/abstract/connection_pool.rb:348:in `checkout'
  activerecord (4.2.3) lib/active_record/connection_adapters/abstract/connection_pool.rb:263:in `block in connection'
  /Users/miles/.rvm/rubies/ruby-2.2.2/lib/ruby/2.2.0/monitor.rb:211:in `mon_synchronize'
  activerecord (4.2.3) lib/active_record/connection_adapters/abstract/connection_pool.rb:262:in `connection'
  activerecord (4.2.3) lib/active_record/connection_adapters/abstract/connection_pool.rb:571:in `retrieve_connection'
  activerecord (4.2.3) lib/active_record/connection_handling.rb:113:in `retrieve_connection'
  activerecord (4.2.3) lib/active_record/connection_handling.rb:87:in `connection'
  activerecord (4.2.3) lib/active_record/migration.rb:383:in `connection'
  activerecord (4.2.3) lib/active_record/migration.rb:370:in `call'
  actionpack (4.2.3) lib/action_dispatch/middleware/callbacks.rb:29:in `block in call'
  activesupport (4.2.3) lib/active_support/callbacks.rb:84:in `run_callbacks'
  actionpack (4.2.3) lib/action_dispatch/middleware/callbacks.rb:27:in `call'
  actionpack (4.2.3) lib/action_dispatch/middleware/reloader.rb:73:in `call'
  actionpack (4.2.3) lib/action_dispatch/middleware/remote_ip.rb:78:in `call'
  actionpack (4.2.3) lib/action_dispatch/middleware/debug_exceptions.rb:17:in `call'
  web-console (2.2.1) lib/web_console/middleware.rb:39:in `call'
  actionpack (4.2.3) lib/action_dispatch/middleware/show_exceptions.rb:30:in `call'
  railties (4.2.3) lib/rails/rack/logger.rb:38:in `call_app'
  railties (4.2.3) lib/rails/rack/logger.rb:20:in `block in call'
  activesupport (4.2.3) lib/active_support/tagged_logging.rb:68:in `block in tagged'
  activesupport (4.2.3) lib/active_support/tagged_logging.rb:26:in `tagged'
  activesupport (4.2.3) lib/active_support/tagged_logging.rb:68:in `tagged'
  railties (4.2.3) lib/rails/rack/logger.rb:20:in `call'
  actionpack (4.2.3) lib/action_dispatch/middleware/request_id.rb:21:in `call'
  rack (1.6.4) lib/rack/methodoverride.rb:22:in `call'
  rack (1.6.4) lib/rack/runtime.rb:18:in `call'
  activesupport (4.2.3) lib/active_support/cache/strategy/local_cache_middleware.rb:28:in `call'
  rack (1.6.4) lib/rack/lock.rb:17:in `call'
  actionpack (4.2.3) lib/action_dispatch/middleware/static.rb:116:in `call'
  rack (1.6.4) lib/rack/sendfile.rb:113:in `call'
  railties (4.2.3) lib/rails/engine.rb:518:in `call'
  railties (4.2.3) lib/rails/application.rb:165:in `call'
  rack (1.6.4) lib/rack/lock.rb:17:in `call'
  rack (1.6.4) lib/rack/content_length.rb:15:in `call'
  rack (1.6.4) lib/rack/handler/webrick.rb:88:in `service'
  /Users/miles/.rvm/rubies/ruby-2.2.2/lib/ruby/2.2.0/webrick/httpserver.rb:138:in `service'
  /Users/miles/.rvm/rubies/ruby-2.2.2/lib/ruby/2.2.0/webrick/httpserver.rb:94:in `run'
  /Users/miles/.rvm/rubies/ruby-2.2.2/lib/ruby/2.2.0/webrick/server.rb:294:in `block in start_thread'


  Rendered /Users/miles/.rvm/gems/ruby-2.2.2/gems/actionpack-4.2.3/lib/action_dispatch/middleware/templates/rescues/_source.erb (3.6ms)
  Rendered /Users/miles/.rvm/gems/ruby-2.2.2/gems/actionpack-4.2.3/lib/action_dispatch/middleware/templates/rescues/_trace.html.erb (2.1ms)
  Rendered /Users/miles/.rvm/gems/ruby-2.2.2/gems/actionpack-4.2.3/lib/action_dispatch/middleware/templates/rescues/_request_and_response.html.erb (1.4ms)
  Rendered /Users/miles/.rvm/gems/ruby-2.2.2/gems/actionpack-4.2.3/lib/action_dispatch/middleware/templates/rescues/diagnostics.html.erb within rescues/layout (70.0ms)
  Rendered /Users/miles/.rvm/gems/ruby-2.2.2/gems/web-console-2.2.1/lib/web_console/templates/_markup.html.erb (0.6ms)
  Rendered /Users/miles/.rvm/gems/ruby-2.2.2/gems/web-console-2.2.1/lib/web_console/templates/_inner_console_markup.html.erb within layouts/inlined_string (1.1ms)
  Rendered /Users/miles/.rvm/gems/ruby-2.2.2/gems/web-console-2.2.1/lib/web_console/templates/_prompt_box_markup.html.erb within layouts/inlined_string (0.4ms)
  Rendered /Users/miles/.rvm/gems/ruby-2.2.2/gems/web-console-2.2.1/lib/web_console/templates/style.css.erb within layouts/inlined_string (0.4ms)
  Rendered /Users/miles/.rvm/gems/ruby-2.2.2/gems/web-console-2.2.1/lib/web_console/templates/console.js.erb within layouts/javascript (62.7ms)
  Rendered /Users/miles/.rvm/gems/ruby-2.2.2/gems/web-console-2.2.1/lib/web_console/templates/main.js.erb within layouts/javascript (0.3ms)
  Rendered /Users/miles/.rvm/gems/ruby-2.2.2/gems/web-console-2.2.1/lib/web_console/templates/error_page.js.erb within layouts/javascript (0.4ms)
  Rendered /Users/miles/.rvm/gems/ruby-2.2.2/gems/web-console-2.2.1/lib/web_console/templates/index.html.erb (139.7ms)


Started GET "/" for 127.0.0.1 at 2015-08-06 10:24:56 -0700

ActiveRecord::NoDatabaseError (FATAL:  database "gdd_turf_tracker_development" does not exist
):
  activerecord (4.2.3) lib/active_record/connection_adapters/postgresql_adapter.rb:665:in `rescue in connect'
  activerecord (4.2.3) lib/active_record/connection_adapters/postgresql_adapter.rb:655:in `connect'
  activerecord (4.2.3) lib/active_record/connection_adapters/postgresql_adapter.rb:242:in `initialize'
  activerecord (4.2.3) lib/active_record/connection_adapters/postgresql_adapter.rb:44:in `new'
  activerecord (4.2.3) lib/active_record/connection_adapters/postgresql_adapter.rb:44:in `postgresql_connection'
  activerecord (4.2.3) lib/active_record/connection_adapters/abstract/connection_pool.rb:438:in `new_connection'
  activerecord (4.2.3) lib/active_record/connection_adapters/abstract/connection_pool.rb:448:in `checkout_new_connection'
  activerecord (4.2.3) lib/active_record/connection_adapters/abstract/connection_pool.rb:422:in `acquire_connection'
  activerecord (4.2.3) lib/active_record/connection_adapters/abstract/connection_pool.rb:349:in `block in checkout'
  /Users/miles/.rvm/rubies/ruby-2.2.2/lib/ruby/2.2.0/monitor.rb:211:in `mon_synchronize'
  activerecord (4.2.3) lib/active_record/connection_adapters/abstract/connection_pool.rb:348:in `checkout'
  activerecord (4.2.3) lib/active_record/connection_adapters/abstract/connection_pool.rb:263:in `block in connection'
  /Users/miles/.rvm/rubies/ruby-2.2.2/lib/ruby/2.2.0/monitor.rb:211:in `mon_synchronize'
  activerecord (4.2.3) lib/active_record/connection_adapters/abstract/connection_pool.rb:262:in `connection'
  activerecord (4.2.3) lib/active_record/connection_adapters/abstract/connection_pool.rb:571:in `retrieve_connection'
  activerecord (4.2.3) lib/active_record/connection_handling.rb:113:in `retrieve_connection'
  activerecord (4.2.3) lib/active_record/connection_handling.rb:87:in `connection'
  activerecord (4.2.3) lib/active_record/migration.rb:383:in `connection'
  activerecord (4.2.3) lib/active_record/migration.rb:370:in `call'
  actionpack (4.2.3) lib/action_dispatch/middleware/callbacks.rb:29:in `block in call'
  activesupport (4.2.3) lib/active_support/callbacks.rb:84:in `run_callbacks'
  actionpack (4.2.3) lib/action_dispatch/middleware/callbacks.rb:27:in `call'
  actionpack (4.2.3) lib/action_dispatch/middleware/reloader.rb:73:in `call'
  actionpack (4.2.3) lib/action_dispatch/middleware/remote_ip.rb:78:in `call'
  actionpack (4.2.3) lib/action_dispatch/middleware/debug_exceptions.rb:17:in `call'
  web-console (2.2.1) lib/web_console/middleware.rb:39:in `call'
  actionpack (4.2.3) lib/action_dispatch/middleware/show_exceptions.rb:30:in `call'
  railties (4.2.3) lib/rails/rack/logger.rb:38:in `call_app'
  railties (4.2.3) lib/rails/rack/logger.rb:20:in `block in call'
  activesupport (4.2.3) lib/active_support/tagged_logging.rb:68:in `block in tagged'
  activesupport (4.2.3) lib/active_support/tagged_logging.rb:26:in `tagged'
  activesupport (4.2.3) lib/active_support/tagged_logging.rb:68:in `tagged'
  railties (4.2.3) lib/rails/rack/logger.rb:20:in `call'
  actionpack (4.2.3) lib/action_dispatch/middleware/request_id.rb:21:in `call'
  rack (1.6.4) lib/rack/methodoverride.rb:22:in `call'
  rack (1.6.4) lib/rack/runtime.rb:18:in `call'
  activesupport (4.2.3) lib/active_support/cache/strategy/local_cache_middleware.rb:28:in `call'
  rack (1.6.4) lib/rack/lock.rb:17:in `call'
  actionpack (4.2.3) lib/action_dispatch/middleware/static.rb:116:in `call'
  rack (1.6.4) lib/rack/sendfile.rb:113:in `call'
  railties (4.2.3) lib/rails/engine.rb:518:in `call'
  railties (4.2.3) lib/rails/application.rb:165:in `call'
  rack (1.6.4) lib/rack/lock.rb:17:in `call'
  rack (1.6.4) lib/rack/content_length.rb:15:in `call'
  rack (1.6.4) lib/rack/handler/webrick.rb:88:in `service'
  /Users/miles/.rvm/rubies/ruby-2.2.2/lib/ruby/2.2.0/webrick/httpserver.rb:138:in `service'
  /Users/miles/.rvm/rubies/ruby-2.2.2/lib/ruby/2.2.0/webrick/httpserver.rb:94:in `run'
  /Users/miles/.rvm/rubies/ruby-2.2.2/lib/ruby/2.2.0/webrick/server.rb:294:in `block in start_thread'


  Rendered /Users/miles/.rvm/gems/ruby-2.2.2/gems/actionpack-4.2.3/lib/action_dispatch/middleware/templates/rescues/_source.erb (3.9ms)
  Rendered /Users/miles/.rvm/gems/ruby-2.2.2/gems/actionpack-4.2.3/lib/action_dispatch/middleware/templates/rescues/_trace.html.erb (1.9ms)
  Rendered /Users/miles/.rvm/gems/ruby-2.2.2/gems/actionpack-4.2.3/lib/action_dispatch/middleware/templates/rescues/_request_and_response.html.erb (0.9ms)
  Rendered /Users/miles/.rvm/gems/ruby-2.2.2/gems/actionpack-4.2.3/lib/action_dispatch/middleware/templates/rescues/diagnostics.html.erb within rescues/layout (65.3ms)
  Rendered /Users/miles/.rvm/gems/ruby-2.2.2/gems/web-console-2.2.1/lib/web_console/templates/_markup.html.erb (0.4ms)
  Rendered /Users/miles/.rvm/gems/ruby-2.2.2/gems/web-console-2.2.1/lib/web_console/templates/_inner_console_markup.html.erb within layouts/inlined_string (1.9ms)
  Rendered /Users/miles/.rvm/gems/ruby-2.2.2/gems/web-console-2.2.1/lib/web_console/templates/_prompt_box_markup.html.erb within layouts/inlined_string (0.3ms)
  Rendered /Users/miles/.rvm/gems/ruby-2.2.2/gems/web-console-2.2.1/lib/web_console/templates/style.css.erb within layouts/inlined_string (0.4ms)
  Rendered /Users/miles/.rvm/gems/ruby-2.2.2/gems/web-console-2.2.1/lib/web_console/templates/console.js.erb within layouts/javascript (55.4ms)
  Rendered /Users/miles/.rvm/gems/ruby-2.2.2/gems/web-console-2.2.1/lib/web_console/templates/main.js.erb within layouts/javascript (0.3ms)
  Rendered /Users/miles/.rvm/gems/ruby-2.2.2/gems/web-console-2.2.1/lib/web_console/templates/error_page.js.erb within layouts/javascript (0.4ms)
  Rendered /Users/miles/.rvm/gems/ruby-2.2.2/gems/web-console-2.2.1/lib/web_console/templates/index.html.erb (131.9ms)


Started GET "/" for 127.0.0.1 at 2015-08-06 10:25:51 -0700
Processing by Rails::WelcomeController#index as HTML
  Rendered /Users/miles/.rvm/gems/ruby-2.2.2/gems/railties-4.2.3/lib/rails/templates/rails/welcome/index.html.erb (1.9ms)
Completed 200 OK in 19ms (Views: 9.5ms | ActiveRecord: 0.0ms)


Started GET "/" for 127.0.0.1 at 2015-08-06 10:26:30 -0700
Processing by Rails::WelcomeController#index as HTML
  Rendered /Users/miles/.rvm/gems/ruby-2.2.2/gems/railties-4.2.3/lib/rails/templates/rails/welcome/index.html.erb (1.7ms)
Completed 200 OK in 19ms (Views: 8.6ms | ActiveRecord: 0.0ms)


Started GET "/" for 127.0.0.1 at 2015-08-06 11:20:19 -0700
Processing by HomeController#index as HTML
  Rendered home/index.html.haml within layouts/application (2.3ms)
Completed 200 OK in 1504ms (Views: 1494.7ms | ActiveRecord: 0.0ms)


Started GET "/assets/jquery.self-d03a5518f45df77341bdbe6201ba3bfa547ebba8ed64f0ea56bfa5f96ea7c074.js?body=1" for 127.0.0.1 at 2015-08-06 11:20:20 -0700


Started GET "/assets/application.self-e80e8f2318043e8af94dddc2adad5a4f09739a8ebb323b3ab31cd71d45fd9113.css?body=1" for 127.0.0.1 at 2015-08-06 11:20:20 -0700


Started GET "/assets/jquery_ujs.self-ca5248a2fad13d6bd58ea121318d642f195f0b2dd818b30615f785ff365e8d1f.js?body=1" for 127.0.0.1 at 2015-08-06 11:20:20 -0700


Started GET "/assets/turbolinks.self-c37727e9bd6b2735da5c311aa83fead54ed0be6cc8bd9a65309e9c5abe2cbfff.js?body=1" for 127.0.0.1 at 2015-08-06 11:20:20 -0700


Started GET "/assets/application.self-3b8dabdc891efe46b9a144b400ad69e37d7e5876bdc39dee783419a69d7ca819.js?body=1" for 127.0.0.1 at 2015-08-06 11:20:20 -0700


Started GET "/" for 127.0.0.1 at 2015-08-06 11:27:30 -0700
Processing by HomeController#index as HTML
  Rendered home/index.html.haml (0.1ms)
Completed 200 OK in 5ms (Views: 3.9ms | ActiveRecord: 0.0ms)


Started GET "/" for 127.0.0.1 at 2015-08-06 11:27:33 -0700
Processing by HomeController#index as HTML
  Rendered home/index.html.haml (0.1ms)
Completed 200 OK in 3ms (Views: 2.5ms | ActiveRecord: 0.0ms)


Started GET "/" for 127.0.0.1 at 2015-08-06 11:27:45 -0700
Processing by HomeController#index as HTML
  Rendered home/index.html.haml (2.2ms)
Completed 200 OK in 20ms (Views: 11.0ms | ActiveRecord: 0.0ms)


Started GET "/" for 127.0.0.1 at 2015-08-06 11:27:47 -0700
Processing by HomeController#index as HTML
  Rendered home/index.html.haml (0.1ms)
Completed 200 OK in 4ms (Views: 2.8ms | ActiveRecord: 0.0ms)
  [1m[36m (43.9ms)[0m  [1mCREATE TABLE "schema_migrations" ("version" character varying NOT NULL) [0m
  [1m[35m (1.2ms)[0m  CREATE UNIQUE INDEX  "unique_schema_migrations" ON "schema_migrations"  ("version")
  [1m[36mActiveRecord::SchemaMigration Load (0.7ms)[0m  [1mSELECT "schema_migrations".* FROM "schema_migrations"[0m
Migrating to DeviseCreateUsers (20150806183003)
  [1m[35m (0.2ms)[0m  BEGIN
  [1m[36m (32.0ms)[0m  [1mCREATE TABLE "users" ("id" serial primary key, "email" character varying DEFAULT '' NOT NULL, "encrypted_password" character varying DEFAULT '' NOT NULL, "reset_password_token" character varying, "reset_password_sent_at" timestamp, "remember_created_at" timestamp, "sign_in_count" integer DEFAULT 0 NOT NULL, "current_sign_in_at" timestamp, "last_sign_in_at" timestamp, "current_sign_in_ip" inet, "last_sign_in_ip" inet, "created_at" timestamp NOT NULL, "updated_at" timestamp NOT NULL) [0m
  [1m[35m (0.8ms)[0m  CREATE UNIQUE INDEX  "index_users_on_email" ON "users"  ("email")
  [1m[36m (0.9ms)[0m  [1mCREATE UNIQUE INDEX  "index_users_on_reset_password_token" ON "users"  ("reset_password_token")[0m
  [1m[35mSQL (0.2ms)[0m  INSERT INTO "schema_migrations" ("version") VALUES ($1)  [["version", "20150806183003"]]
  [1m[36m (6.1ms)[0m  [1mCOMMIT[0m
  [1m[35mActiveRecord::SchemaMigration Load (0.1ms)[0m  SELECT "schema_migrations".* FROM "schema_migrations"
  [1m[36m (6.1ms)[0m  [1mSELECT t2.oid::regclass::text AS to_table, a1.attname AS column, a2.attname AS primary_key, c.conname AS name, c.confupdtype AS on_update, c.confdeltype AS on_delete
FROM pg_constraint c
JOIN pg_class t1 ON c.conrelid = t1.oid
JOIN pg_class t2 ON c.confrelid = t2.oid
JOIN pg_attribute a1 ON a1.attnum = c.conkey[1] AND a1.attrelid = t1.oid
JOIN pg_attribute a2 ON a2.attnum = c.confkey[1] AND a2.attrelid = t2.oid
JOIN pg_namespace t3 ON c.connamespace = t3.oid
WHERE c.contype = 'f'
  AND t1.relname = 'users'
  AND t3.nspname = ANY (current_schemas(false))
ORDER BY c.conname
[0m
